Determining if the pthread_create exist failed with the following output:
Change Dir: /home/sun/work/super_voxel/cmake-build-debug/CMakeFiles/CMakeTmp

Run Build Command:"/usr/bin/make" "cmTC_7342c/fast"
/usr/bin/make -f CMakeFiles/cmTC_7342c.dir/build.make CMakeFiles/cmTC_7342c.dir/build
make[1]: Entering directory '/home/sun/work/super_voxel/cmake-build-debug/CMakeFiles/CMakeTmp'
Building C object CMakeFiles/cmTC_7342c.dir/CheckSymbolExists.c.o
/usr/bin/cc    -o CMakeFiles/cmTC_7342c.dir/CheckSymbolExists.c.o   -c /home/sun/work/super_voxel/cmake-build-debug/CMakeFiles/CMakeTmp/CheckSymbolExists.c
Linking C executable cmTC_7342c
/home/sun/Downloads/clion-2018.2.3/bin/cmake/linux/bin/cmake -E cmake_link_script CMakeFiles/cmTC_7342c.dir/link.txt --verbose=1
/usr/bin/cc      CMakeFiles/cmTC_7342c.dir/CheckSymbolExists.c.o  -o cmTC_7342c 
CMakeFiles/cmTC_7342c.dir/CheckSymbolExists.c.o: In function `main':
CheckSymbolExists.c:(.text+0x16): undefined reference to `pthread_create'
collect2: error: ld returned 1 exit status
CMakeFiles/cmTC_7342c.dir/build.make:86: recipe for target 'cmTC_7342c' failed
make[1]: *** [cmTC_7342c] Error 1
make[1]: Leaving directory '/home/sun/work/super_voxel/cmake-build-debug/CMakeFiles/CMakeTmp'
Makefile:121: recipe for target 'cmTC_7342c/fast' failed
make: *** [cmTC_7342c/fast] Error 2

File /home/sun/work/super_voxel/cmake-build-debug/CMakeFiles/CMakeTmp/CheckSymbolExists.c:
/* */
#include <pthread.h>

int main(int argc, char** argv)
{
  (void)argv;
#ifndef pthread_create
  return ((int*)(&pthread_create))[argc];
#else
  (void)argc;
  return 0;
#endif
}

Determining if the function pthread_create exists in the pthreads failed with the following output:
Change Dir: /home/sun/work/super_voxel/cmake-build-debug/CMakeFiles/CMakeTmp

Run Build Command:"/usr/bin/make" "cmTC_be1f3/fast"
/usr/bin/make -f CMakeFiles/cmTC_be1f3.dir/build.make CMakeFiles/cmTC_be1f3.dir/build
make[1]: Entering directory '/home/sun/work/super_voxel/cmake-build-debug/CMakeFiles/CMakeTmp'
Building C object CMakeFiles/cmTC_be1f3.dir/CheckFunctionExists.c.o
/usr/bin/cc   -DCHECK_FUNCTION_EXISTS=pthread_create   -o CMakeFiles/cmTC_be1f3.dir/CheckFunctionExists.c.o   -c /home/sun/Downloads/clion-2018.2.3/bin/cmake/linux/share/cmake-3.12/Modules/CheckFunctionExists.c
Linking C executable cmTC_be1f3
/home/sun/Downloads/clion-2018.2.3/bin/cmake/linux/bin/cmake -E cmake_link_script CMakeFiles/cmTC_be1f3.dir/link.txt --verbose=1
/usr/bin/cc  -DCHECK_FUNCTION_EXISTS=pthread_create    CMakeFiles/cmTC_be1f3.dir/CheckFunctionExists.c.o  -o cmTC_be1f3 -lpthreads 
/usr/bin/ld: cannot find -lpthreads
collect2: error: ld returned 1 exit status
CMakeFiles/cmTC_be1f3.dir/build.make:86: recipe for target 'cmTC_be1f3' failed
make[1]: *** [cmTC_be1f3] Error 1
make[1]: Leaving directory '/home/sun/work/super_voxel/cmake-build-debug/CMakeFiles/CMakeTmp'
Makefile:121: recipe for target 'cmTC_be1f3/fast' failed
make: *** [cmTC_be1f3/fast] Error 2


